c:\levolver64\zlib-1.2.8\zlib.dir\release\zutil.obj
c:\levolver64\zlib-1.2.8\zlib.dir\release\uncompr.obj
c:\levolver64\zlib-1.2.8\zlib.dir\release\trees.obj
c:\levolver64\zlib-1.2.8\zlib.dir\release\inffast.obj
c:\levolver64\zlib-1.2.8\zlib.dir\release\inftrees.obj
c:\levolver64\zlib-1.2.8\zlib.dir\release\infback.obj
c:\levolver64\zlib-1.2.8\zlib.dir\release\inflate.obj
c:\levolver64\zlib-1.2.8\zlib.dir\release\gzwrite.obj
c:\levolver64\zlib-1.2.8\zlib.dir\release\gzread.obj
c:\levolver64\zlib-1.2.8\zlib.dir\release\gzlib.obj
c:\levolver64\zlib-1.2.8\zlib.dir\release\gzclose.obj
c:\levolver64\zlib-1.2.8\zlib.dir\release\deflate.obj
c:\levolver64\zlib-1.2.8\zlib.dir\release\crc32.obj
c:\levolver64\zlib-1.2.8\zlib.dir\release\compress.obj
c:\levolver64\zlib-1.2.8\zlib.dir\release\adler32.obj
c:\levolver64\zlib-1.2.8\cmakefiles\generate.stamp
c:\levolver64\zlib-1.2.8\release\zlib.dll
c:\levolver64\zlib-1.2.8\release\zlib.lib
c:\levolver64\zlib-1.2.8\release\zlib.exp
c:\levolver64\zlib-1.2.8\zlib.dir\release\zlib1.res
c:\levolver64\zlib-1.2.8\zlib.dir\release\zlib.tlog\cl.command.1.tlog
c:\levolver64\zlib-1.2.8\zlib.dir\release\zlib.tlog\cl.read.1.tlog
c:\levolver64\zlib-1.2.8\zlib.dir\release\zlib.tlog\cl.write.1.tlog
c:\levolver64\zlib-1.2.8\zlib.dir\release\zlib.tlog\custombuild.command.1.tlog
c:\levolver64\zlib-1.2.8\zlib.dir\release\zlib.tlog\custombuild.read.1.tlog
c:\levolver64\zlib-1.2.8\zlib.dir\release\zlib.tlog\custombuild.write.1.tlog
c:\levolver64\zlib-1.2.8\zlib.dir\release\zlib.tlog\link.command.1.tlog
c:\levolver64\zlib-1.2.8\zlib.dir\release\zlib.tlog\link.read.1.tlog
c:\levolver64\zlib-1.2.8\zlib.dir\release\zlib.tlog\link.write.1.tlog
c:\levolver64\zlib-1.2.8\zlib.dir\release\zlib.tlog\link.write.2u.tlog
c:\levolver64\zlib-1.2.8\zlib.dir\release\zlib.tlog\rc.command.1.tlog
c:\levolver64\zlib-1.2.8\zlib.dir\release\zlib.tlog\rc.read.1.tlog
c:\levolver64\zlib-1.2.8\zlib.dir\release\zlib.tlog\rc.write.1.tlog
