c:\levolver64\zlib-1.2.8\zlibstatic.dir\release\zutil.obj
c:\levolver64\zlib-1.2.8\zlibstatic.dir\release\uncompr.obj
c:\levolver64\zlib-1.2.8\zlibstatic.dir\release\trees.obj
c:\levolver64\zlib-1.2.8\zlibstatic.dir\release\inffast.obj
c:\levolver64\zlib-1.2.8\zlibstatic.dir\release\inftrees.obj
c:\levolver64\zlib-1.2.8\zlibstatic.dir\release\infback.obj
c:\levolver64\zlib-1.2.8\zlibstatic.dir\release\inflate.obj
c:\levolver64\zlib-1.2.8\zlibstatic.dir\release\gzwrite.obj
c:\levolver64\zlib-1.2.8\zlibstatic.dir\release\gzread.obj
c:\levolver64\zlib-1.2.8\zlibstatic.dir\release\gzlib.obj
c:\levolver64\zlib-1.2.8\zlibstatic.dir\release\gzclose.obj
c:\levolver64\zlib-1.2.8\zlibstatic.dir\release\deflate.obj
c:\levolver64\zlib-1.2.8\zlibstatic.dir\release\crc32.obj
c:\levolver64\zlib-1.2.8\zlibstatic.dir\release\compress.obj
c:\levolver64\zlib-1.2.8\zlibstatic.dir\release\adler32.obj
c:\levolver64\zlib-1.2.8\cmakefiles\generate.stamp
c:\levolver64\zlib-1.2.8\release\zlibstatic.lib
c:\levolver64\zlib-1.2.8\zlibstatic.dir\release\zlibstatic.tlog\cl.command.1.tlog
c:\levolver64\zlib-1.2.8\zlibstatic.dir\release\zlibstatic.tlog\cl.read.1.tlog
c:\levolver64\zlib-1.2.8\zlibstatic.dir\release\zlibstatic.tlog\cl.write.1.tlog
c:\levolver64\zlib-1.2.8\zlibstatic.dir\release\zlibstatic.tlog\custombuild.command.1.tlog
c:\levolver64\zlib-1.2.8\zlibstatic.dir\release\zlibstatic.tlog\custombuild.read.1.tlog
c:\levolver64\zlib-1.2.8\zlibstatic.dir\release\zlibstatic.tlog\custombuild.write.1.tlog
c:\levolver64\zlib-1.2.8\zlibstatic.dir\release\zlibstatic.tlog\lib-link.read.1.tlog
c:\levolver64\zlib-1.2.8\zlibstatic.dir\release\zlibstatic.tlog\lib-link.write.1.tlog
c:\levolver64\zlib-1.2.8\zlibstatic.dir\release\zlibstatic.tlog\lib.command.1.tlog
