c:\metis\metis-4.0\metis.dir\release\subdomains.obj
c:\metis\metis-4.0\metis.dir\release\stat.obj
c:\metis\metis-4.0\metis.dir\release\refine.obj
c:\metis\metis-4.0\metis.dir\release\pmetis.obj
c:\metis\metis-4.0\metis.dir\release\myqsort.obj
c:\metis\metis-4.0\metis.dir\release\mmd.obj
c:\metis\metis-4.0\metis.dir\release\mincover.obj
c:\metis\metis-4.0\metis.dir\release\meshpart.obj
c:\metis\metis-4.0\metis.dir\release\mesh.obj
c:\metis\metis-4.0\metis.dir\release\memory.obj
c:\metis\metis-4.0\metis.dir\release\kmetis.obj
c:\metis\metis-4.0\metis.dir\release\initpart.obj
c:\metis\metis-4.0\metis.dir\release\graph.obj
c:\metis\metis-4.0\metis.dir\release\frename.obj
c:\metis\metis-4.0\metis.dir\release\fm.obj
c:\metis\metis-4.0\metis.dir\release\debug.obj
c:\metis\metis-4.0\metis.dir\release\coarsen.obj
c:\metis\metis-4.0\metis.dir\release\ccgraph.obj
c:\metis\metis-4.0\metis.dir\release\bucketsort.obj
c:\metis\metis-4.0\metis.dir\release\balance.obj
c:\metis\metis-4.0\metis.dir\release\util.obj
c:\metis\metis-4.0\metis.dir\release\timing.obj
c:\metis\metis-4.0\cmakefiles\generate.stamp
c:\metis\metis-4.0\release\metis.lib
c:\metis\metis-4.0\metis.dir\release\metis.tlog\cl.command.1.tlog
c:\metis\metis-4.0\metis.dir\release\metis.tlog\cl.read.1.tlog
c:\metis\metis-4.0\metis.dir\release\metis.tlog\cl.write.1.tlog
c:\metis\metis-4.0\metis.dir\release\metis.tlog\custombuild.command.1.tlog
c:\metis\metis-4.0\metis.dir\release\metis.tlog\custombuild.read.1.tlog
c:\metis\metis-4.0\metis.dir\release\metis.tlog\custombuild.write.1.tlog
c:\metis\metis-4.0\metis.dir\release\metis.tlog\lib-link.read.1.tlog
c:\metis\metis-4.0\metis.dir\release\metis.tlog\lib-link.write.1.tlog
c:\metis\metis-4.0\metis.dir\release\metis.tlog\lib.command.1.tlog
