.\Debug\ev_ogl.pdb
C:\levolver\yonkang-sefit\levolver\ev_ogl\.\Debug\ev_ogl.exe.intermediate.manifest
C:\LEVOLVER\YONKANG-SEFIT\LEVOLVER\EV_OGL\DEBUG\ALICE.OBJ
C:\LEVOLVER\YONKANG-SEFIT\LEVOLVER\EV_OGL\DEBUG\BK.OBJ
C:\LEVOLVER\YONKANG-SEFIT\LEVOLVER\EV_OGL\DEBUG\BOUNDARY.OBJ
C:\LEVOLVER\YONKANG-SEFIT\LEVOLVER\EV_OGL\DEBUG\CALCFORC.OBJ
C:\LEVOLVER\YONKANG-SEFIT\LEVOLVER\EV_OGL\DEBUG\CHECK.OBJ
C:\levolver\yonkang-sefit\levolver\ev_ogl\Debug\cl.command.1.tlog
C:\levolver\yonkang-sefit\levolver\ev_ogl\Debug\CL.read.1.tlog
C:\levolver\yonkang-sefit\levolver\ev_ogl\Debug\CL.write.1.tlog
C:\LEVOLVER\YONKANG-SEFIT\LEVOLVER\EV_OGL\DEBUG\CNSTRNT.OBJ
C:\LEVOLVER\YONKANG-SEFIT\LEVOLVER\EV_OGL\DEBUG\COMMAND.OBJ
C:\LEVOLVER\YONKANG-SEFIT\LEVOLVER\EV_OGL\DEBUG\CURTEST.OBJ
C:\LEVOLVER\YONKANG-SEFIT\LEVOLVER\EV_OGL\DEBUG\DIFFUSE.OBJ
C:\LEVOLVER\YONKANG-SEFIT\LEVOLVER\EV_OGL\DEBUG\DISPLAY.OBJ
C:\LEVOLVER\YONKANG-SEFIT\LEVOLVER\EV_OGL\DEBUG\DODECGROUP.OBJ
C:\LEVOLVER\YONKANG-SEFIT\LEVOLVER\EV_OGL\DEBUG\DUMP.OBJ
C:\levolver\yonkang-sefit\levolver\ev_ogl\Debug\ev_ogl.exe.embed.manifest
C:\LEVOLVER\YONKANG-SEFIT\LEVOLVER\EV_OGL\DEBUG\EV_OGL.EXE.EMBED.MANIFEST.RES
C:\levolver\yonkang-sefit\levolver\ev_ogl\Debug\ev_ogl.exe.intermediate.manifest
C:\levolver\yonkang-sefit\levolver\ev_ogl\Debug\ev_ogl.pdb
C:\levolver\yonkang-sefit\levolver\ev_ogl\Debug\ev_ogl_manifest.rc
C:\LEVOLVER\YONKANG-SEFIT\LEVOLVER\EV_OGL\DEBUG\EVAL_ALL.OBJ
C:\LEVOLVER\YONKANG-SEFIT\LEVOLVER\EV_OGL\DEBUG\EVAL_SEC.OBJ
C:\LEVOLVER\YONKANG-SEFIT\LEVOLVER\EV_OGL\DEBUG\EVALMORE.OBJ
C:\LEVOLVER\YONKANG-SEFIT\LEVOLVER\EV_OGL\DEBUG\EVALTREE.OBJ
C:\LEVOLVER\YONKANG-SEFIT\LEVOLVER\EV_OGL\DEBUG\EXPRINT.OBJ
C:\LEVOLVER\YONKANG-SEFIT\LEVOLVER\EV_OGL\DEBUG\FILGRAPH.OBJ
C:\LEVOLVER\YONKANG-SEFIT\LEVOLVER\EV_OGL\DEBUG\FILML.OBJ
C:\LEVOLVER\YONKANG-SEFIT\LEVOLVER\EV_OGL\DEBUG\FILMQ.OBJ
C:\LEVOLVER\YONKANG-SEFIT\LEVOLVER\EV_OGL\DEBUG\FIXVOL.OBJ
C:\LEVOLVER\YONKANG-SEFIT\LEVOLVER\EV_OGL\DEBUG\GAUSS.OBJ
C:\LEVOLVER\YONKANG-SEFIT\LEVOLVER\EV_OGL\DEBUG\GEOMGRAPH.OBJ
C:\LEVOLVER\YONKANG-SEFIT\LEVOLVER\EV_OGL\DEBUG\GLUTGRAPH.OBJ
C:\LEVOLVER\YONKANG-SEFIT\LEVOLVER\EV_OGL\DEBUG\GRAPHER.OBJ
C:\LEVOLVER\YONKANG-SEFIT\LEVOLVER\EV_OGL\DEBUG\GRAPHGEN.OBJ
C:\LEVOLVER\YONKANG-SEFIT\LEVOLVER\EV_OGL\DEBUG\HELP.OBJ
C:\LEVOLVER\YONKANG-SEFIT\LEVOLVER\EV_OGL\DEBUG\HESSIAN.OBJ
C:\LEVOLVER\YONKANG-SEFIT\LEVOLVER\EV_OGL\DEBUG\HESSIAN2.OBJ
C:\LEVOLVER\YONKANG-SEFIT\LEVOLVER\EV_OGL\DEBUG\HESSIAN3.OBJ
C:\LEVOLVER\YONKANG-SEFIT\LEVOLVER\EV_OGL\DEBUG\HIDIM.OBJ
C:\LEVOLVER\YONKANG-SEFIT\LEVOLVER\EV_OGL\DEBUG\ITERATE.OBJ
C:\LEVOLVER\YONKANG-SEFIT\LEVOLVER\EV_OGL\DEBUG\KHYP.OBJ
C:\LEVOLVER\YONKANG-SEFIT\LEVOLVER\EV_OGL\DEBUG\KLEIN.OBJ
C:\LEVOLVER\YONKANG-SEFIT\LEVOLVER\EV_OGL\DEBUG\KNOT1.OBJ
C:\LEVOLVER\YONKANG-SEFIT\LEVOLVER\EV_OGL\DEBUG\KNOT2.OBJ
C:\LEVOLVER\YONKANG-SEFIT\LEVOLVER\EV_OGL\DEBUG\KNOT3.OBJ
C:\LEVOLVER\YONKANG-SEFIT\LEVOLVER\EV_OGL\DEBUG\KUSNER.OBJ
C:\LEVOLVER\YONKANG-SEFIT\LEVOLVER\EV_OGL\DEBUG\LAGRANGE.OBJ
C:\LEVOLVER\YONKANG-SEFIT\LEVOLVER\EV_OGL\DEBUG\LEXINIT.OBJ
C:\LEVOLVER\YONKANG-SEFIT\LEVOLVER\EV_OGL\DEBUG\LEXINIT2.OBJ
C:\LEVOLVER\YONKANG-SEFIT\LEVOLVER\EV_OGL\DEBUG\LEXYY.OBJ
C:\levolver\yonkang-sefit\levolver\ev_ogl\Debug\link.command.1.tlog
C:\levolver\yonkang-sefit\levolver\ev_ogl\Debug\link.read.1.tlog
C:\levolver\yonkang-sefit\levolver\ev_ogl\Debug\link.write.1.tlog
C:\levolver\yonkang-sefit\levolver\ev_ogl\Debug\link-cvtres.read.1.tlog
C:\levolver\yonkang-sefit\levolver\ev_ogl\Debug\link-cvtres.write.1.tlog
C:\LEVOLVER\YONKANG-SEFIT\LEVOLVER\EV_OGL\DEBUG\MACHINE.OBJ
C:\LEVOLVER\YONKANG-SEFIT\LEVOLVER\EV_OGL\DEBUG\MATRIX.OBJ
C:\LEVOLVER\YONKANG-SEFIT\LEVOLVER\EV_OGL\DEBUG\MEANINT.OBJ
C:\LEVOLVER\YONKANG-SEFIT\LEVOLVER\EV_OGL\DEBUG\METHOD1.OBJ
C:\LEVOLVER\YONKANG-SEFIT\LEVOLVER\EV_OGL\DEBUG\METHOD2.OBJ
C:\LEVOLVER\YONKANG-SEFIT\LEVOLVER\EV_OGL\DEBUG\METHOD3.OBJ
C:\LEVOLVER\YONKANG-SEFIT\LEVOLVER\EV_OGL\DEBUG\METHOD4.OBJ
C:\LEVOLVER\YONKANG-SEFIT\LEVOLVER\EV_OGL\DEBUG\METHOD5.OBJ
C:\LEVOLVER\YONKANG-SEFIT\LEVOLVER\EV_OGL\DEBUG\METIS.OBJ
C:\LEVOLVER\YONKANG-SEFIT\LEVOLVER\EV_OGL\DEBUG\METRIC.OBJ
C:\LEVOLVER\YONKANG-SEFIT\LEVOLVER\EV_OGL\DEBUG\MINDEG.OBJ
C:\LEVOLVER\YONKANG-SEFIT\LEVOLVER\EV_OGL\DEBUG\MODEL.OBJ
C:\LEVOLVER\YONKANG-SEFIT\LEVOLVER\EV_OGL\DEBUG\MODIFY.OBJ
C:\LEVOLVER\YONKANG-SEFIT\LEVOLVER\EV_OGL\DEBUG\MVGRAPH.OBJ
C:\LEVOLVER\YONKANG-SEFIT\LEVOLVER\EV_OGL\DEBUG\ODRV.OBJ
C:\LEVOLVER\YONKANG-SEFIT\LEVOLVER\EV_OGL\DEBUG\PAINTER.OBJ
C:\LEVOLVER\YONKANG-SEFIT\LEVOLVER\EV_OGL\DEBUG\PIXGRAPH.OBJ
C:\LEVOLVER\YONKANG-SEFIT\LEVOLVER\EV_OGL\DEBUG\POPFILM.OBJ
C:\LEVOLVER\YONKANG-SEFIT\LEVOLVER\EV_OGL\DEBUG\PSGRAPH.OBJ
C:\LEVOLVER\YONKANG-SEFIT\LEVOLVER\EV_OGL\DEBUG\QUANTITY.OBJ
C:\LEVOLVER\YONKANG-SEFIT\LEVOLVER\EV_OGL\DEBUG\QUERY.OBJ
C:\LEVOLVER\YONKANG-SEFIT\LEVOLVER\EV_OGL\DEBUG\QUOTIENT.OBJ
C:\levolver\yonkang-sefit\levolver\ev_ogl\Debug\rc.command.1.tlog
C:\levolver\yonkang-sefit\levolver\ev_ogl\Debug\rc.read.1.tlog
C:\levolver\yonkang-sefit\levolver\ev_ogl\Debug\rc.write.1.tlog
C:\LEVOLVER\YONKANG-SEFIT\LEVOLVER\EV_OGL\DEBUG\REGISTRY.OBJ
C:\LEVOLVER\YONKANG-SEFIT\LEVOLVER\EV_OGL\DEBUG\SDRV.OBJ
C:\LEVOLVER\YONKANG-SEFIT\LEVOLVER\EV_OGL\DEBUG\SIMEQUI2.OBJ
C:\LEVOLVER\YONKANG-SEFIT\LEVOLVER\EV_OGL\DEBUG\SIMPLEX.OBJ
C:\LEVOLVER\YONKANG-SEFIT\LEVOLVER\EV_OGL\DEBUG\SKELETON.OBJ
C:\LEVOLVER\YONKANG-SEFIT\LEVOLVER\EV_OGL\DEBUG\SOFTIMAG.OBJ
C:\LEVOLVER\YONKANG-SEFIT\LEVOLVER\EV_OGL\DEBUG\SQCURVE.OBJ
C:\LEVOLVER\YONKANG-SEFIT\LEVOLVER\EV_OGL\DEBUG\SQCURVE2.OBJ
C:\LEVOLVER\YONKANG-SEFIT\LEVOLVER\EV_OGL\DEBUG\SQCURVE3.OBJ
C:\LEVOLVER\YONKANG-SEFIT\LEVOLVER\EV_OGL\DEBUG\STORAGE.OBJ
C:\LEVOLVER\YONKANG-SEFIT\LEVOLVER\EV_OGL\DEBUG\STRINGL.OBJ
C:\LEVOLVER\YONKANG-SEFIT\LEVOLVER\EV_OGL\DEBUG\STRINGQ.OBJ
C:\LEVOLVER\YONKANG-SEFIT\LEVOLVER\EV_OGL\DEBUG\SYMTABLE.OBJ
C:\LEVOLVER\YONKANG-SEFIT\LEVOLVER\EV_OGL\DEBUG\TEIX.OBJ
C:\LEVOLVER\YONKANG-SEFIT\LEVOLVER\EV_OGL\DEBUG\TMAIN.OBJ
C:\LEVOLVER\YONKANG-SEFIT\LEVOLVER\EV_OGL\DEBUG\TORDUP.OBJ
C:\LEVOLVER\YONKANG-SEFIT\LEVOLVER\EV_OGL\DEBUG\TORUS.OBJ
C:\LEVOLVER\YONKANG-SEFIT\LEVOLVER\EV_OGL\DEBUG\TORVOL.OBJ
C:\LEVOLVER\YONKANG-SEFIT\LEVOLVER\EV_OGL\DEBUG\TRIREVIS.OBJ
C:\LEVOLVER\YONKANG-SEFIT\LEVOLVER\EV_OGL\DEBUG\USERFUNC.OBJ
C:\LEVOLVER\YONKANG-SEFIT\LEVOLVER\EV_OGL\DEBUG\USERIO.OBJ
C:\LEVOLVER\YONKANG-SEFIT\LEVOLVER\EV_OGL\DEBUG\UTILITY.OBJ
C:\LEVOLVER\YONKANG-SEFIT\LEVOLVER\EV_OGL\DEBUG\VARIABLE.OBJ
C:\levolver\yonkang-sefit\levolver\ev_ogl\Debug\vc100.idb
C:\LEVOLVER\YONKANG-SEFIT\LEVOLVER\EV_OGL\DEBUG\VC100.PDB
C:\LEVOLVER\YONKANG-SEFIT\LEVOLVER\EV_OGL\DEBUG\VERAVG.OBJ
C:\LEVOLVER\YONKANG-SEFIT\LEVOLVER\EV_OGL\DEBUG\VERPOPST.OBJ
C:\LEVOLVER\YONKANG-SEFIT\LEVOLVER\EV_OGL\DEBUG\WULFF.OBJ
C:\LEVOLVER\YONKANG-SEFIT\LEVOLVER\EV_OGL\DEBUG\YEXPARSE.OBJ
C:\LEVOLVER\YONKANG-SEFIT\LEVOLVER\EV_OGL\DEBUG\YTAB.OBJ
C:\LEVOLVER\YONKANG-SEFIT\LEVOLVER\EV_OGL\DEBUG\ZOOM.OBJ
