Build started 3/7/2014 12:04:20 PM.
     1>Project "C:\levolver\yonkang-sefit\levolver\zlib-1.2.8\win64\minigzip.vcxproj" on node 2 (build target(s)).
     1>InitializeBuildStatus:
         Creating "minigzip.dir\Debug\minigzip.unsuccessfulbuild" because "AlwaysCreate" was specified.
       CustomBuild:
         All outputs are up-to-date.
       ClCompile:
         All outputs are up-to-date.
       ManifestResourceCompile:
         All outputs are up-to-date.
       Link:
         c:\Program Files (x86)\Microsoft Visual Studio 10.0\VC\bin\x86_amd64\link.exe /ERRORREPORT:PROMPT /OUT:"C:\levolver\yonkang-sefit\levolver\zlib-1.2.8\win64\Debug\minigzip.exe" /INCREMENTAL /NOLOGO kernel32.lib user32.lib gdi32.lib winspool.lib shell32.lib ole32.lib oleaut32.lib uuid.lib comdlg32.lib advapi32.lib Debug\zlibd.lib /MANIFEST /ManifestFile:"minigzip.dir\Debug\minigzip.exe.intermediate.manifest" /MANIFESTUAC:"level='asInvoker' uiAccess='false'" /DEBUG /PDB:"C:\levolver\yonkang-sefit\levolver\zlib-1.2.8\win64\Debug\minigzip.pdb" /SUBSYSTEM:CONSOLE /STACK:"10000000" /TLBID:1 /DYNAMICBASE /NXCOMPAT /IMPLIB:"C:/levolver/yonkang-sefit/levolver/zlib-1.2.8/win64/Debug/minigzip.lib" /MACHINE:X64 minigzip.dir\Debug\minigzip.exe.embed.manifest.res
         minigzip.dir\Debug\minigzip.obj  /machine:x64 /debug 
         minigzip.vcxproj -> C:\levolver\yonkang-sefit\levolver\zlib-1.2.8\win64\Debug\minigzip.exe
       Manifest:
         C:\Program Files (x86)\Microsoft SDKs\Windows\v7.0A\bin\mt.exe /nologo /verbose /out:"minigzip.dir\Debug\minigzip.exe.embed.manifest" /manifest minigzip.dir\Debug\minigzip.exe.intermediate.manifest
         All outputs are up-to-date.
       LinkEmbedManifest:
         All outputs are up-to-date.
         minigzip.vcxproj -> C:\levolver\yonkang-sefit\levolver\zlib-1.2.8\win64\Debug\minigzip.exe
       FinalizeBuildStatus:
         Deleting file "minigzip.dir\Debug\minigzip.unsuccessfulbuild".
         Touching "minigzip.dir\Debug\minigzip.lastbuildstate".
     1>Done Building Project "C:\levolver\yonkang-sefit\levolver\zlib-1.2.8\win64\minigzip.vcxproj" (build target(s)).

Build succeeded.

Time Elapsed 00:00:01.21
