c:\levolver64\ev_ogl\lpng1218x64\lpng1218\cmakefiles\generate.stamp
c:\levolver64\ev_ogl\lpng1218x64\lpng1218\png.dir\release\adler32.obj
c:\levolver64\ev_ogl\lpng1218x64\lpng1218\png.dir\release\compress.obj
c:\levolver64\ev_ogl\lpng1218x64\lpng1218\png.dir\release\crc32.obj
c:\levolver64\ev_ogl\lpng1218x64\lpng1218\png.dir\release\deflate.obj
c:\levolver64\ev_ogl\lpng1218x64\lpng1218\png.dir\release\example.obj
c:\levolver64\ev_ogl\lpng1218x64\lpng1218\png.dir\release\minigzip.obj
c:\levolver64\ev_ogl\lpng1218x64\lpng1218\png.dir\release\png.obj
c:\levolver64\ev_ogl\lpng1218x64\lpng1218\png.dir\release\pngerror.obj
c:\levolver64\ev_ogl\lpng1218x64\lpng1218\png.dir\release\pnggccrd.obj
c:\levolver64\ev_ogl\lpng1218x64\lpng1218\png.dir\release\pngget.obj
c:\levolver64\ev_ogl\lpng1218x64\lpng1218\png.dir\release\pngmem.obj
c:\levolver64\ev_ogl\lpng1218x64\lpng1218\png.dir\release\pngpread.obj
c:\levolver64\ev_ogl\lpng1218x64\lpng1218\png.dir\release\pngread.obj
c:\levolver64\ev_ogl\lpng1218x64\lpng1218\png.dir\release\pngrio.obj
c:\levolver64\ev_ogl\lpng1218x64\lpng1218\png.dir\release\pngrtran.obj
c:\levolver64\ev_ogl\lpng1218x64\lpng1218\png.dir\release\pngrutil.obj
c:\levolver64\ev_ogl\lpng1218x64\lpng1218\png.dir\release\pngset.obj
c:\levolver64\ev_ogl\lpng1218x64\lpng1218\png.dir\release\pngtest.obj
c:\levolver64\ev_ogl\lpng1218x64\lpng1218\png.dir\release\pngtrans.obj
c:\levolver64\ev_ogl\lpng1218x64\lpng1218\png.dir\release\pngvcrd.obj
c:\levolver64\ev_ogl\lpng1218x64\lpng1218\png.dir\release\pngwio.obj
c:\levolver64\ev_ogl\lpng1218x64\lpng1218\png.dir\release\pngwrite.obj
c:\levolver64\ev_ogl\lpng1218x64\lpng1218\png.dir\release\pngwtran.obj
c:\levolver64\ev_ogl\lpng1218x64\lpng1218\png.dir\release\pngwutil.obj
c:\levolver64\ev_ogl\lpng1218x64\lpng1218\png.dir\release\uncompr.obj
c:\levolver64\ev_ogl\lpng1218x64\lpng1218\png.dir\release\xplanet_png.obj
c:\levolver64\ev_ogl\lpng1218x64\lpng1218\png.dir\release\png.tlog\cl.command.1.tlog
c:\levolver64\ev_ogl\lpng1218x64\lpng1218\png.dir\release\png.tlog\custombuild.command.1.tlog
c:\levolver64\ev_ogl\lpng1218x64\lpng1218\png.dir\release\png.tlog\custombuild.read.1.tlog
c:\levolver64\ev_ogl\lpng1218x64\lpng1218\png.dir\release\png.tlog\custombuild.write.1.tlog
