c:\levolver64\ev_ogl\x64\release64\vc143.pdb
c:\levolver64\ev_ogl\x64\release64\filmq.obj
c:\levolver64\ev_ogl\x64\release64\filml.obj
c:\levolver64\ev_ogl\x64\release64\filgraph.obj
c:\levolver64\ev_ogl\x64\release64\exprint.obj
c:\levolver64\ev_ogl\x64\release64\evaltree.obj
c:\levolver64\ev_ogl\x64\release64\evalmore.obj
c:\levolver64\ev_ogl\x64\release64\eval_sec.obj
c:\levolver64\ev_ogl\x64\release64\eval_all.obj
c:\levolver64\ev_ogl\x64\release64\dump.obj
c:\levolver64\ev_ogl\x64\release64\dodecgroup.obj
c:\levolver64\ev_ogl\x64\release64\display.obj
c:\levolver64\ev_ogl\x64\release64\diffuse.obj
c:\levolver64\ev_ogl\x64\release64\curtest.obj
c:\levolver64\ev_ogl\x64\release64\command.obj
c:\levolver64\ev_ogl\x64\release64\cnstrnt.obj
c:\levolver64\ev_ogl\x64\release64\check.obj
c:\levolver64\ev_ogl\x64\release64\calcforc.obj
c:\levolver64\ev_ogl\x64\release64\boundary.obj
c:\levolver64\ev_ogl\x64\release64\bk.obj
c:\levolver64\ev_ogl\x64\release64\alice.obj
c:\levolver64\ev_ogl\x64\release64\lexinit.obj
c:\levolver64\ev_ogl\x64\release64\lagrange.obj
c:\levolver64\ev_ogl\x64\release64\kusner.obj
c:\levolver64\ev_ogl\x64\release64\knot3.obj
c:\levolver64\ev_ogl\x64\release64\knot2.obj
c:\levolver64\ev_ogl\x64\release64\knot1.obj
c:\levolver64\ev_ogl\x64\release64\klein.obj
c:\levolver64\ev_ogl\x64\release64\khyp.obj
c:\levolver64\ev_ogl\x64\release64\iterate.obj
c:\levolver64\ev_ogl\x64\release64\hidim.obj
c:\levolver64\ev_ogl\x64\release64\hessian3.obj
c:\levolver64\ev_ogl\x64\release64\hessian2.obj
c:\levolver64\ev_ogl\x64\release64\hessian.obj
c:\levolver64\ev_ogl\x64\release64\help.obj
c:\levolver64\ev_ogl\x64\release64\graphgen.obj
c:\levolver64\ev_ogl\x64\release64\grapher.obj
c:\levolver64\ev_ogl\x64\release64\glutgraph.obj
c:\levolver64\ev_ogl\x64\release64\geomgraph.obj
c:\levolver64\ev_ogl\x64\release64\gauss.obj
c:\levolver64\ev_ogl\x64\release64\fixvol.obj
c:\levolver64\ev_ogl\x64\release64\popfilm.obj
c:\levolver64\ev_ogl\x64\release64\pixgraph.obj
c:\levolver64\ev_ogl\x64\release64\painter.obj
c:\levolver64\ev_ogl\x64\release64\odrv.obj
c:\levolver64\ev_ogl\x64\release64\mvgraph.obj
c:\levolver64\ev_ogl\x64\release64\modify.obj
c:\levolver64\ev_ogl\x64\release64\model.obj
c:\levolver64\ev_ogl\x64\release64\mindeg.obj
c:\levolver64\ev_ogl\x64\release64\metric.obj
c:\levolver64\ev_ogl\x64\release64\metis.obj
c:\levolver64\ev_ogl\x64\release64\method5.obj
c:\levolver64\ev_ogl\x64\release64\method4.obj
c:\levolver64\ev_ogl\x64\release64\method3.obj
c:\levolver64\ev_ogl\x64\release64\method2.obj
c:\levolver64\ev_ogl\x64\release64\method1.obj
c:\levolver64\ev_ogl\x64\release64\meanint.obj
c:\levolver64\ev_ogl\x64\release64\matrix.obj
c:\levolver64\ev_ogl\x64\release64\machine.obj
c:\levolver64\ev_ogl\x64\release64\lexyy.obj
c:\levolver64\ev_ogl\x64\release64\lexinit2.obj
c:\levolver64\ev_ogl\x64\release64\tordup.obj
c:\levolver64\ev_ogl\x64\release64\tmain.obj
c:\levolver64\ev_ogl\x64\release64\teix.obj
c:\levolver64\ev_ogl\x64\release64\symtable.obj
c:\levolver64\ev_ogl\x64\release64\stringq.obj
c:\levolver64\ev_ogl\x64\release64\stringl.obj
c:\levolver64\ev_ogl\x64\release64\storage.obj
c:\levolver64\ev_ogl\x64\release64\sqcurve3.obj
c:\levolver64\ev_ogl\x64\release64\sqcurve2.obj
c:\levolver64\ev_ogl\x64\release64\sqcurve.obj
c:\levolver64\ev_ogl\x64\release64\softimag.obj
c:\levolver64\ev_ogl\x64\release64\skeleton.obj
c:\levolver64\ev_ogl\x64\release64\simplex.obj
c:\levolver64\ev_ogl\x64\release64\simequi2.obj
c:\levolver64\ev_ogl\x64\release64\sdrv.obj
c:\levolver64\ev_ogl\x64\release64\registry.obj
c:\levolver64\ev_ogl\x64\release64\quotient.obj
c:\levolver64\ev_ogl\x64\release64\query.obj
c:\levolver64\ev_ogl\x64\release64\quantity.obj
c:\levolver64\ev_ogl\x64\release64\psgraph.obj
c:\levolver64\ev_ogl\x64\release64\zoom.obj
c:\levolver64\ev_ogl\x64\release64\ytab.obj
c:\levolver64\ev_ogl\x64\release64\yexparse.obj
c:\levolver64\ev_ogl\x64\release64\wulff.obj
c:\levolver64\ev_ogl\x64\release64\verpopst.obj
c:\levolver64\ev_ogl\x64\release64\veravg.obj
c:\levolver64\ev_ogl\x64\release64\variable.obj
c:\levolver64\ev_ogl\x64\release64\utility.obj
c:\levolver64\ev_ogl\x64\release64\userio.obj
c:\levolver64\ev_ogl\x64\release64\userfunc.obj
c:\levolver64\ev_ogl\x64\release64\trirevis.obj
c:\levolver64\ev_ogl\x64\release64\torvol.obj
c:\levolver64\ev_ogl\x64\release64\torus.obj
c:\levolver64\x64\release64\ev_ogl.pdb
c:\levolver64\ev_ogl\x64\release64\ev_ogl.tlog\cl.command.1.tlog
c:\levolver64\ev_ogl\x64\release64\ev_ogl.tlog\cl.read.1.tlog
c:\levolver64\ev_ogl\x64\release64\ev_ogl.tlog\cl.write.1.tlog
c:\levolver64\ev_ogl\x64\release64\ev_ogl.tlog\link-cvtres.read.1.tlog
c:\levolver64\ev_ogl\x64\release64\ev_ogl.tlog\link-cvtres.write.1.tlog
c:\levolver64\ev_ogl\x64\release64\ev_ogl.tlog\link-rc.read.1.tlog
c:\levolver64\ev_ogl\x64\release64\ev_ogl.tlog\link-rc.write.1.tlog
c:\levolver64\ev_ogl\x64\release64\ev_ogl.tlog\link.command.1.tlog
c:\levolver64\ev_ogl\x64\release64\ev_ogl.tlog\link.read.1.tlog
c:\levolver64\ev_ogl\x64\release64\ev_ogl.tlog\link.read.2.tlog
c:\levolver64\ev_ogl\x64\release64\ev_ogl.tlog\link.write.1.tlog
